<?xml version="1.0" encoding="UTF-8"?>
<testng-results ignored="0" total="1" passed="1" failed="0" skipped="0">
  <reporter-output>
  </reporter-output>
  <suite started-at="2023-01-12T13:27:44 PST" name="Suite" finished-at="2023-01-12T13:29:28 PST" duration-ms="104038">
    <groups>
    </groups>
    <test started-at="2023-01-12T13:27:44 PST" name="Test" finished-at="2023-01-12T13:29:28 PST" duration-ms="104038">
      <class name="Tests.AddToCartTest">
        <test-method is-config="true" signature="BeforeTestMethod()[pri:0, instance:Tests.AddToCartTest@4ae9cfc1]" started-at="2023-01-12T13:27:44 PST" name="BeforeTestMethod" finished-at="2023-01-12T13:27:44 PST" duration-ms="15" status="PASS">
          <reporter-output>
          </reporter-output>
        </test-method> <!-- BeforeTestMethod -->
        <test-method is-config="true" signature="LaunchApplication()[pri:0, instance:Tests.AddToCartTest@4ae9cfc1]" started-at="2023-01-12T13:27:45 PST" name="LaunchApplication" finished-at="2023-01-12T13:28:02 PST" duration-ms="17115" status="PASS">
          <reporter-output>
          </reporter-output>
        </test-method> <!-- LaunchApplication -->
        <test-method signature="AddToCart(java.util.HashMap)[pri:0, instance:Tests.AddToCartTest@4ae9cfc1]" started-at="2023-01-12T13:28:02 PST" name="AddToCart" data-provider="getData" finished-at="2023-01-12T13:29:27 PST" duration-ms="84793" status="PASS">
          <params>
            <param index="0">
              <value>
                <![CDATA[{password=amazonpassword, email=amazon.test.selenium@gmail.com}]]>
              </value>
            </param>
          </params>
          <reporter-output>
          </reporter-output>
        </test-method> <!-- AddToCart -->
        <test-method is-config="true" signature="CloseBrowsers()[pri:0, instance:Tests.AddToCartTest@4ae9cfc1]" started-at="2023-01-12T13:29:27 PST" name="CloseBrowsers" finished-at="2023-01-12T13:29:28 PST" duration-ms="1306" status="PASS">
          <reporter-output>
          </reporter-output>
        </test-method> <!-- CloseBrowsers -->
        <test-method is-config="true" signature="AfterTestMethod()[pri:0, instance:Tests.AddToCartTest@4ae9cfc1]" started-at="2023-01-12T13:29:28 PST" name="AfterTestMethod" finished-at="2023-01-12T13:29:28 PST" duration-ms="0" status="PASS">
          <reporter-output>
          </reporter-output>
        </test-method> <!-- AfterTestMethod -->
      </class> <!-- Tests.AddToCartTest -->
    </test> <!-- Test -->
  </suite> <!-- Suite -->
</testng-results>
